<?xml version="1.0" encoding="UTF-8"?>
<testng-results ignored="4" total="5" passed="1" failed="0" skipped="0">
  <reporter-output>
  </reporter-output>
  <suite started-at="2023-03-05T15:00:37Z" name="Default suite" finished-at="2023-03-05T15:00:37Z" duration-ms="64">
    <groups>
    </groups>
    <test started-at="2023-03-05T15:00:37Z" name="Default test" finished-at="2023-03-05T15:00:37Z" duration-ms="64">
      <class name="saucedemo.SauceDemo">
        <test-method signature="addition()[pri:6, instance:saucedemo.SauceDemo@338c99c8]" started-at="2023-03-05T15:00:37Z" name="addition" finished-at="2023-03-05T15:00:37Z" duration-ms="25" status="PASS">
          <reporter-output>
          </reporter-output>
        </test-method> <!-- addition -->
      </class> <!-- saucedemo.SauceDemo -->
    </test> <!-- Default test -->
  </suite> <!-- Default suite -->
</testng-results>
