<?xml version="1.0" encoding="UTF-8"?>
<testng-results ignored="3" total="4" passed="1" failed="0" skipped="0">
  <reporter-output>
  </reporter-output>
  <suite started-at="2023-02-28T06:08:57Z" name="Default suite" finished-at="2023-02-28T06:09:16Z" duration-ms="19007">
    <groups>
    </groups>
    <test started-at="2023-02-28T06:08:57Z" name="Default test" finished-at="2023-02-28T06:09:16Z" duration-ms="19007">
      <class name="saucedemo.SauceDemo">
        <test-method signature="verifyCheckoutFormFunctionality()[pri:4, instance:saucedemo.SauceDemo@59a008ba]" started-at="2023-02-28T06:08:57Z" name="verifyCheckoutFormFunctionality" finished-at="2023-02-28T06:09:16Z" duration-ms="18969" status="PASS">
          <reporter-output>
          </reporter-output>
        </test-method> <!-- verifyCheckoutFormFunctionality -->
      </class> <!-- saucedemo.SauceDemo -->
    </test> <!-- Default test -->
  </suite> <!-- Default suite -->
</testng-results>
