<?xml version="1.0" encoding="UTF-8"?>
<!-- Generated by org.testng.reporters.JUnitXMLReporter -->
<testsuite ignored="4" hostname="DESKTOP-8ISTNE7" failures="0" tests="1" name="Default test" time="0.064" errors="0" timestamp="05 Mar 2023 15:00:37 GMT">
  <testcase classname="saucedemo.SauceDemo" name="addition" time="0.025"/>
  <testcase classname="saucedemo.SauceDemo" name="verifyCheckoutFormFunctionality" time="0.0">
    <ignored/>
  </testcase> <!-- verifyCheckoutFormFunctionality -->
  <testcase classname="saucedemo.SauceDemo" name="VerifyRemoveFunctionality" time="0.0">
    <ignored/>
  </testcase> <!-- VerifyRemoveFunctionality -->
  <testcase classname="saucedemo.SauceDemo" name="VerifyAddToCartFunctionality" time="0.0">
    <ignored/>
  </testcase> <!-- VerifyAddToCartFunctionality -->
  <testcase classname="saucedemo.SauceDemo" name="LoginToApplication" time="0.0">
    <ignored/>
  </testcase> <!-- LoginToApplication -->
</testsuite> <!-- Default test -->
