<?xml version="1.0" encoding="UTF-8"?>
<!-- Generated by org.testng.reporters.JUnitXMLReporter -->
<testsuite ignored="3" hostname="DESKTOP-8ISTNE7" failures="0" tests="1" name="Default test" time="19.007" errors="0" timestamp="28 Feb 2023 06:09:16 GMT">
  <testcase classname="saucedemo.SauceDemo" name="verifyCheckoutFormFunctionality" time="18.969"/>
  <testcase classname="saucedemo.SauceDemo" name="VerifyRemoveFunctionality" time="0.0">
    <ignored/>
  </testcase> <!-- VerifyRemoveFunctionality -->
  <testcase classname="saucedemo.SauceDemo" name="VerifyAddToCartFunctionality" time="0.0">
    <ignored/>
  </testcase> <!-- VerifyAddToCartFunctionality -->
  <testcase classname="saucedemo.SauceDemo" name="LoginToApplication" time="0.0">
    <ignored/>
  </testcase> <!-- LoginToApplication -->
</testsuite> <!-- Default test -->
